<?xml version="1.0" encoding="UTF-8"?>
<!-- Generated by org.testng.reporters.JUnitReportReporter -->
<testsuite hostname="TEO-kamal" failures="0" tests="3" name="com.pom_testcases.pom_loginpageTest" time="8.073" errors="0" timestamp="2022-04-24T02:53:14 PKT" skipped="0">
  <testcase classname="com.pom_testcases.pom_loginpageTest" name="signin" time="8.048"/>
  <system-out/>
  <testcase classname="com.pom_testcases.pom_loginpageTest" name="url_verificaiton" time="0.015"/>
  <system-out/>
  <testcase classname="com.pom_testcases.pom_loginpageTest" name="admin_tab_verificaiton" time="0.010"/>
  <system-out/>
</testsuite> <!-- com.pom_testcases.pom_loginpageTest -->
