<?xml version="1.0" encoding="UTF-8"?>
<!-- Generated by org.testng.reporters.JUnitReportReporter -->
<testsuite hostname="TEO-kamal" failures="0" tests="1" name="com.pom_testcases.pom_homepageTest" time="0.019" errors="0" timestamp="2022-04-24T02:53:14 PKT" skipped="0">
  <testcase classname="com.pom_testcases.pom_homepageTest" name="Home" time="0.019"/>
  <system-out/>
</testsuite> <!-- com.pom_testcases.pom_homepageTest -->
