<?xml version="1.0" encoding="UTF-8"?>
<!-- Generated by org.testng.reporters.JUnitReportReporter -->
<testsuite hostname="TEO-kamal" failures="0" tests="2" name="com.pom_testcases.pom_adminPageTest" time="0.064" errors="0" timestamp="2022-04-24T02:53:14 PKT" skipped="0">
  <testcase classname="com.pom_testcases.pom_adminPageTest" name="Home" time="0.035"/>
  <system-out/>
  <testcase classname="com.pom_testcases.pom_adminPageTest" name="welcome" time="0.029"/>
  <system-out/>
</testsuite> <!-- com.pom_testcases.pom_adminPageTest -->
